<?xml version="1.0" encoding="UTF-8"?>
<!-- Generated by org.testng.reporters.JUnitReportReporter -->
<testsuite skipped="0" hostname="Pratik-PC" name="com.mvc.qa.testcases.TabTest" tests="4" failures="0" timestamp="2020-06-27T23:42:10 IST" time="83.624" errors="0">
  <testcase name="clearTab" time="19.623" classname="com.mvc.qa.testcases.TabTest"/>
  <testcase name="allTab" time="23.526" classname="com.mvc.qa.testcases.TabTest"/>
  <testcase name="activeTab" time="23.135" classname="com.mvc.qa.testcases.TabTest"/>
  <testcase name="completeTab" time="17.340" classname="com.mvc.qa.testcases.TabTest"/>
</testsuite> <!-- com.mvc.qa.testcases.TabTest -->
