<?xml version="1.0" encoding="UTF-8"?>
<!-- Generated by org.testng.reporters.JUnitReportReporter -->
<testsuite skipped="0" hostname="Pratik-PC" name="com.mvc.qa.testcases.LinkTest" tests="1" failures="0" timestamp="2020-06-27T17:58:22 IST" time="29.786" errors="0">
  <testcase name="Addition" time="29.786" classname="com.mvc.qa.testcases.LinkTest"/>
</testsuite> <!-- com.mvc.qa.testcases.LinkTest -->
