<?xml version="1.0" encoding="UTF-8"?>
<!-- Generated by org.testng.reporters.JUnitReportReporter -->
<testsuite skipped="0" hostname="Pratik-PC" name="com.mvc.qa.testcases.TabTest" tests="4" failures="0" timestamp="2020-07-03T00:20:45 IST" time="83.284" errors="0">
  <testcase name="clearTab" time="19.001" classname="com.mvc.qa.testcases.TabTest"/>
  <testcase name="allTab" time="23.317" classname="com.mvc.qa.testcases.TabTest"/>
  <testcase name="activeTab" time="23.321" classname="com.mvc.qa.testcases.TabTest"/>
  <testcase name="completeTab" time="17.645" classname="com.mvc.qa.testcases.TabTest"/>
</testsuite> <!-- com.mvc.qa.testcases.TabTest -->
