<?xml version="1.0" encoding="UTF-8"?>
<!-- Generated by org.testng.reporters.JUnitReportReporter -->
<testsuite skipped="0" hostname="Pratik-PC" name="com.mvc.qa.testcases.HomePageTest" tests="8" failures="0" timestamp="2020-07-03T00:20:45 IST" time="164.361" errors="0">
  <testcase name="addEdit" time="30.570" classname="com.mvc.qa.testcases.HomePageTest"/>
  <testcase name="addSpecialChar" time="16.179" classname="com.mvc.qa.testcases.HomePageTest"/>
  <testcase name="spaceBar" time="16.402" classname="com.mvc.qa.testcases.HomePageTest"/>
  <testcase name="duplicate" time="26.928" classname="com.mvc.qa.testcases.HomePageTest"/>
  <testcase name="infiniteChar" time="23.057" classname="com.mvc.qa.testcases.HomePageTest"/>
  <testcase name="deleteToDo" time="20.781" classname="com.mvc.qa.testcases.HomePageTest"/>
  <testcase name="downwardArrowCompleteTab" time="15.434" classname="com.mvc.qa.testcases.HomePageTest"/>
  <testcase name="downwardArrowActiveTab" time="15.010" classname="com.mvc.qa.testcases.HomePageTest"/>
</testsuite> <!-- com.mvc.qa.testcases.HomePageTest -->
