<?xml version="1.0" encoding="UTF-8"?>
<!-- Generated by org.testng.reporters.JUnitReportReporter -->
<testsuite skipped="0" hostname="Pratik-PC" name="com.mvc.qa.testcases.HomePageTest" tests="8" failures="0" timestamp="2020-06-29T16:06:15 IST" time="178.813" errors="0">
  <testcase name="addEdit" time="29.630" classname="com.mvc.qa.testcases.HomePageTest"/>
  <testcase name="addSpecialChar" time="32.266" classname="com.mvc.qa.testcases.HomePageTest"/>
  <testcase name="spaceBar" time="16.628" classname="com.mvc.qa.testcases.HomePageTest"/>
  <testcase name="duplicate" time="26.425" classname="com.mvc.qa.testcases.HomePageTest"/>
  <testcase name="infiniteChar" time="21.523" classname="com.mvc.qa.testcases.HomePageTest"/>
  <testcase name="deleteToDo" time="21.059" classname="com.mvc.qa.testcases.HomePageTest"/>
  <testcase name="downwardArrowCompleteTab" time="16.018" classname="com.mvc.qa.testcases.HomePageTest"/>
  <testcase name="downwardArrowActiveTab" time="15.264" classname="com.mvc.qa.testcases.HomePageTest"/>
</testsuite> <!-- com.mvc.qa.testcases.HomePageTest -->
